<?xml version="1.0" encoding="UTF-8"?>
<!-- Generated by org.testng.reporters.JUnitReportReporter -->
<testsuite skipped="0" hostname="sanjaykannan" name="Jenkins.Automation.SampleScript" tests="2" failures="0" timestamp="17 Oct 2020 16:47:31 GMT" time="7.415" errors="0">
  <testcase name="FindFlight" time="3.710" classname="Jenkins.Automation.SampleScript"/>
  <testcase name="ChooseFlight" time="3.705" classname="Jenkins.Automation.SampleScript"/>
</testsuite> <!-- Jenkins.Automation.SampleScript -->
